\BOOKMARK [1][-]{section.1}{\376\377\000E\000i\000n\000l\000e\000i\000t\000u\000n\000g}{}% 1
\BOOKMARK [2][-]{subsection.1.1}{\376\377\000A\000u\000s\000g\000a\000n\000g\000s\000l\000a\000g\000e\000\040\000u\000n\000d\000\040\000g\000r\000u\000n\000d\000l\000e\000g\000e\000n\000d\000e\000\040\000M\000o\000t\000i\000v\000a\000t\000i\000o\000n}{section.1}% 2
\BOOKMARK [2][-]{subsection.1.2}{\376\377\000T\000h\000e\000m\000e\000n\000e\000r\000l\000\344\000u\000t\000e\000r\000u\000n\000g}{section.1}% 3
\BOOKMARK [2][-]{subsection.1.3}{\376\377\000G\000r\000u\000n\000d\000g\000l\000i\000e\000d\000e\000r\000u\000n\000g\000\040\000d\000e\000r\000\040\000A\000r\000b\000e\000i\000t}{section.1}% 4
\BOOKMARK [2][-]{subsection.1.4}{\376\377\000U\000n\000t\000e\000r\000s\000u\000c\000h\000u\000n\000g\000s\000a\000n\000l\000i\000e\000g\000e\000n\000\040\000d\000e\000r\000\040\000i\000n\000d\000i\000v\000i\000d\000u\000e\000l\000l\000e\000n\000\040\000T\000h\000e\000m\000e\000n\000s\000t\000e\000l\000l\000u\000n\000g\000e\000n}{section.1}% 5
\BOOKMARK [1][-]{section.2}{\376\377\000L\000a\000s\000t\000e\000n\000h\000e\000f\000t}{}% 6
\BOOKMARK [1][-]{section.3}{\376\377\000V\000o\000r\000w\000i\000s\000s\000e\000n\000s\000c\000h\000a\000f\000t\000l\000i\000c\000h\000e\000r\000\040\000T\000h\000e\000o\000r\000i\000e\000t\000e\000i\000l}{}% 7
\BOOKMARK [2][-]{subsection.3.1}{\376\377\000P\000l\000a\000t\000z\000h\000a\000l\000t\000e\000r\000\040\000T\000h\000e\000m\000a\000\040\000A\000m\000i\000r}{section.3}% 8
\BOOKMARK [2][-]{subsection.3.2}{\376\377\000P\000l\000a\000t\000z\000h\000a\000l\000t\000e\000r\000\040\000T\000h\000e\000m\000a\000\040\000F\000a\000b\000i\000a\000n}{section.3}% 9
\BOOKMARK [2][-]{subsection.3.3}{\376\377\000P\000l\000a\000t\000z\000h\000a\000l\000t\000e\000r\000\040\000T\000h\000e\000m\000a\000\040\000L\000a\000c\000i}{section.3}% 10
\BOOKMARK [1][-]{section.4}{\376\377\000T\000h\000e\000o\000r\000e\000t\000i\000s\000c\000h\000e\000\040\000G\000r\000u\000n\000d\000l\000a\000g\000e\000n\000\040\000d\000e\000s\000\040\000D\000i\000p\000l\000o\000m\000p\000r\000o\000j\000e\000k\000t\000s}{}% 11
\BOOKMARK [1][-]{section.5}{\376\377\000G\000r\000u\000n\000d\000l\000e\000g\000e\000n\000d\000e\000\040\000S\000y\000s\000t\000e\000m\000k\000o\000n\000z\000e\000p\000t\000e}{}% 12
\BOOKMARK [2][-]{subsection.5.1}{\376\377\000G\000e\000s\000a\000m\000t\000s\000y\000s\000t\000e\000m\000k\000o\000n\000z\000e\000p\000t}{section.5}% 13
\BOOKMARK [3][-]{subsubsection.5.1.1}{\376\377\000S\000y\000s\000t\000e\000m\000b\000e\000s\000c\000h\000r\000e\000i\000b\000u\000n\000g}{subsection.5.1}% 14
\BOOKMARK [3][-]{subsubsection.5.1.2}{\376\377\000E\000i\000n\000g\000a\000b\000e\000s\000u\000b\000s\000y\000s\000t\000e\000m}{subsection.5.1}% 15
\BOOKMARK [3][-]{subsubsection.5.1.3}{\376\377\000A\000u\000s\000g\000a\000b\000e\000s\000u\000b\000s\000y\000s\000t\000e\000m}{subsection.5.1}% 16
\BOOKMARK [2][-]{subsection.5.2}{\376\377\000R\000o\000b\000o\000t\000e\000r\000h\000a\000n\000d}{section.5}% 17
\BOOKMARK [3][-]{subsubsection.5.2.1}{\376\377\000S\000o\000f\000t\000w\000a\000r\000e\000\040\000F\000a\000b\000i\000a\000n}{subsection.5.2}% 18
\BOOKMARK [3][-]{subsubsection.5.2.2}{\376\377\000A\000l\000l\000g\000e\000m\000e\000i\000n}{subsection.5.2}% 19
\BOOKMARK [2][-]{subsection.5.3}{\376\377\000R\000o\000b\000o\000t\000e\000r\000h\000a\000n\000d}{section.5}% 20
\BOOKMARK [3][-]{subsubsection.5.3.1}{\376\377\000M\000e\000c\000h\000a\000n\000i\000k\000\040\000A\000m\000i\000r}{subsection.5.3}% 21
\BOOKMARK [3][-]{subsubsection.5.3.2}{\376\377\000H\000a\000r\000d\000w\000a\000r\000e\000\040\000L\000a\000c\000i}{subsection.5.3}% 22
\BOOKMARK [3][-]{subsubsection.5.3.3}{\376\377\000S\000o\000f\000t\000w\000a\000r\000e\000\040\000F\000a\000b\000i\000a\000n}{subsection.5.3}% 23
\BOOKMARK [1][-]{section.6}{\376\377\000M\000e\000c\000h\000a\000n\000i\000s\000c\000h\000e\000\040\000R\000e\000a\000l\000i\000s\000i\000e\000r\000u\000n\000g}{}% 24
\BOOKMARK [2][-]{subsection.6.1}{\376\377\000H\000a\000n\000d\000s\000c\000h\000u\000h\000\040\000A\000m\000i\000r}{section.6}% 25
\BOOKMARK [3][-]{subsubsection.6.1.1}{\376\377\000P\000l\000a\000t\000z\000h\000a\000l\000t\000e\000r\000\040\000f\000\374\000r\000\040\000d\000i\000v\000e\000r\000s\000e\000\040\000U\000n\000t\000e\000r\000p\000u\000n\000k\000t\000e\000\040\000v\000o\000n\000\040\000A\000m\000i\000r}{subsection.6.1}% 26
\BOOKMARK [2][-]{subsection.6.2}{\376\377\000R\000o\000b\000o\000t\000e\000r\000h\000a\000n\000d\000\040\000A\000m\000i\000r}{section.6}% 27
\BOOKMARK [3][-]{subsubsection.6.2.1}{\376\377\000P\000l\000a\000t\000z\000h\000a\000l\000t\000e\000r\000\040\000f\000\374\000r\000\040\000d\000i\000v\000e\000r\000s\000e\000\040\000U\000n\000t\000e\000r\000p\000u\000n\000k\000t\000e\000\040\000v\000o\000n\000\040\000A\000m\000i\000r}{subsection.6.2}% 28
\BOOKMARK [1][-]{section.7}{\376\377\000H\000a\000r\000d\000w\000a\000r\000e\000\040\000R\000e\000a\000l\000i\000s\000i\000e\000r\000u\000n\000g}{}% 29
\BOOKMARK [2][-]{subsection.7.1}{\376\377\000E\000i\000n\000g\000a\000b\000e\000s\000u\000b\000s\000y\000s\000t\000e\000m}{section.7}% 30
\BOOKMARK [3][-]{subsubsection.7.1.1}{\376\377\000G\000r\000u\000n\000d\000l\000e\000g\000e\000n\000d\000e\000\040\000V\000o\000r\000a\000u\000s\000s\000e\000t\000z\000u\000n\000g\000e\000n\000\040\000L\000a\000c\000i}{subsection.7.1}% 31
\BOOKMARK [3][-]{subsubsection.7.1.2}{\376\377\000\334\000b\000e\000r\000l\000e\000g\000u\000n\000g\000e\000n\000,\000\040\000S\000i\000m\000u\000l\000a\000t\000i\000o\000n\000e\000n\000\040\000u\000n\000d\000\040\000B\000e\000r\000e\000c\000h\000n\000u\000n\000g\000e\000n\000\040\000L\000a\000c\000i}{subsection.7.1}% 32
\BOOKMARK [3][-]{subsubsection.7.1.3}{\376\377\000V\000e\000r\000s\000u\000c\000h\000s\000a\000u\000f\000b\000a\000u\000t\000e\000n\000\040\000u\000n\000d\000\040\000M\000e\000s\000s\000u\000n\000g\000e\000n\000\040\000L\000a\000c\000i}{subsection.7.1}% 33
\BOOKMARK [3][-]{subsubsection.7.1.4}{\376\377\000S\000c\000h\000a\000l\000t\000u\000n\000g\000s\000d\000e\000s\000i\000g\000n\000\040\000L\000a\000c\000i}{subsection.7.1}% 34
\BOOKMARK [3][-]{subsubsection.7.1.5}{\376\377\000P\000l\000a\000t\000i\000n\000e\000n\000d\000e\000s\000i\000g\000n\000\040\000L\000a\000c\000i}{subsection.7.1}% 35
\BOOKMARK [2][-]{subsection.7.2}{\376\377\000R\000o\000b\000o\000t\000e\000r\000h\000a\000n\000d}{section.7}% 36
\BOOKMARK [3][-]{subsubsection.7.2.1}{\376\377\000G\000r\000u\000n\000d\000l\000e\000g\000e\000n\000d\000e\000\040\000V\000o\000r\000r\000a\000u\000s\000s\000e\000t\000z\000u\000n\000g\000e\000n}{subsection.7.2}% 37
\BOOKMARK [3][-]{subsubsection.7.2.2}{\376\377\000S\000i\000m\000u\000l\000a\000t\000i\000o\000n\000e\000n\000\040\000u\000n\000d\000\040\000V\000e\000r\000s\000u\000c\000h\000s\000a\000u\000f\000b\000a\000u\000t\000e\000n\000\040\000L\000a\000c\000i}{subsection.7.2}% 38
\BOOKMARK [3][-]{subsubsection.7.2.3}{\376\377\000\334\000b\000e\000r\000l\000e\000g\000u\000n\000g\000e\000n\000\040\000u\000n\000d\000\040\000D\000i\000m\000e\000n\000s\000i\000o\000n\000i\000e\000r\000u\000n\000g\000\040\000L\000a\000c\000i}{subsection.7.2}% 39
\BOOKMARK [3][-]{subsubsection.7.2.4}{\376\377\000S\000c\000h\000a\000l\000t\000p\000l\000a\000n\000d\000e\000s\000i\000g\000n\000\040\000L\000a\000c\000i}{subsection.7.2}% 40
\BOOKMARK [3][-]{subsubsection.7.2.5}{\376\377\000P\000l\000a\000t\000i\000n\000e\000n\000d\000e\000s\000i\000g\000n\000\040\000L\000a\000c\000i}{subsection.7.2}% 41
\BOOKMARK [1][-]{section.8}{\376\377\000S\000o\000f\000t\000w\000a\000r\000e\000\040\000R\000e\000a\000l\000i\000s\000i\000e\000r\000u\000n\000g}{}% 42
\BOOKMARK [2][-]{subsection.8.1}{\376\377\000H\000a\000n\000d\000s\000c\000h\000u\000h}{section.8}% 43
\BOOKMARK [3][-]{subsubsection.8.1.1}{\376\377\000K\000o\000n\000z\000e\000p\000t\000e\000\040\000u\000n\000d\000\040\000\334\000b\000e\000r\000l\000e\000g\000u\000n\000g\000e\000n\000\040\000F\000a\000b\000i\000a\000n}{subsection.8.1}% 44
\BOOKMARK [3][-]{subsubsection.8.1.2}{\376\377\000R\000e\000a\000l\000i\000s\000i\000e\000r\000u\000n\000g\000\040\000u\000n\000d\000\040\000G\000l\000i\000e\000d\000e\000r\000u\000n\000g\000\040\000F\000a\000b\000i\000a\000n}{subsection.8.1}% 45
\BOOKMARK [2][-]{subsection.8.2}{\376\377\000R\000o\000b\000o\000t\000e\000r\000h\000a\000n\000d}{section.8}% 46
\BOOKMARK [3][-]{subsubsection.8.2.1}{\376\377\000G\000r\000u\000n\000d\000l\000e\000g\000e\000n\000d\000e\000\040\000V\000o\000r\000r\000a\000u\000s\000s\000e\000t\000z\000u\000n\000g\000e\000n}{subsection.8.2}% 47
\BOOKMARK [3][-]{subsubsection.8.2.2}{\376\377\000K\000o\000n\000z\000e\000p\000t\000e\000\040\000u\000n\000d\000\040\000\334\000b\000e\000r\000l\000e\000g\000u\000n\000g\000e\000n\000\040\000F\000a\000b\000i\000a\000n}{subsection.8.2}% 48
\BOOKMARK [3][-]{subsubsection.8.2.3}{\376\377\000R\000e\000a\000l\000i\000s\000i\000e\000r\000u\000n\000g\000\040\000u\000n\000d\000\040\000G\000l\000i\000e\000d\000e\000r\000u\000n\000g\000\040\000F\000a\000b\000i\000a\000n}{subsection.8.2}% 49
\BOOKMARK [2][-]{subsection.8.3}{\376\377\000U\000s\000e\000r\000\040\000I\000n\000t\000e\000r\000f\000a\000c\000e}{section.8}% 50
\BOOKMARK [3][-]{subsubsection.8.3.1}{\376\377\000G\000r\000u\000n\000d\000l\000e\000g\000e\000n\000d\000e\000\040\000V\000o\000r\000r\000a\000u\000s\000s\000e\000t\000z\000u\000n\000g\000e\000n}{subsection.8.3}% 51
\BOOKMARK [3][-]{subsubsection.8.3.2}{\376\377\000E\000n\000t\000w\000i\000c\000k\000l\000u\000n\000g\000s\000u\000m\000g\000e\000b\000u\000n\000g\000\040\000L\000a\000c\000i}{subsection.8.3}% 52
\BOOKMARK [3][-]{subsubsection.8.3.3}{\376\377\000K\000o\000n\000z\000e\000p\000t\000e\000\040\000u\000n\000d\000\040\000\334\000b\000e\000r\000l\000e\000g\000u\000n\000g\000e\000n\000\040\000L\000a\000c\000i}{subsection.8.3}% 53
\BOOKMARK [3][-]{subsubsection.8.3.4}{\376\377\000R\000e\000a\000l\000i\000s\000i\000e\000r\000u\000n\000g\000\040\000u\000n\000d\000\040\000G\000l\000i\000e\000d\000e\000r\000u\000n\000g\000\040\000L\000a\000c\000i}{subsection.8.3}% 54
\BOOKMARK [1][-]{section.9}{\376\377\000T\000e\000s\000t\000s\000\040\000u\000n\000d\000\040\000M\000e\000s\000s\000u\000n\000g\000e\000n}{}% 55
\BOOKMARK [2][-]{subsection.9.1}{\376\377\000P\000l\000a\000t\000z\000h\000a\000l\000t\000e\000r\000\040\000f\000\374\000r\000\040\000d\000i\000v\000e\000r\000s\000e\000\040\000U\000n\000t\000e\000r\000p\000u\000n\000k\000t\000e}{section.9}% 56
\BOOKMARK [1][-]{section.10}{\376\377\000P\000r\000o\000j\000e\000k\000t\000m\000a\000n\000a\000g\000e\000m\000e\000n\000t}{}% 57
\BOOKMARK [2][-]{subsection.10.1}{\376\377\000P\000r\000o\000j\000e\000k\000t\000s\000t\000r\000u\000k\000t\000u\000r\000p\000l\000a\000n}{section.10}% 58
\BOOKMARK [2][-]{subsection.10.2}{\376\377\000M\000i\000l\000e\000s\000t\000o\000n\000e\000p\000l\000a\000n}{section.10}% 59
\BOOKMARK [2][-]{subsection.10.3}{\376\377\000G\000a\000n\000t\000t\000-\000D\000i\000a\000g\000r\000a\000m}{section.10}% 60
\BOOKMARK [2][-]{subsection.10.4}{\376\377\000M\000e\000e\000t\000i\000n\000g\000\040\000S\000t\000r\000u\000k\000t\000u\000r}{section.10}% 61
\BOOKMARK [1][-]{section.11}{\376\377\000F\000e\000r\000t\000i\000g\000u\000n\000g\000s\000u\000n\000t\000e\000r\000l\000a\000g\000e\000n}{}% 62
\BOOKMARK [2][-]{subsection.11.1}{\376\377\000M\000e\000c\000h\000a\000n\000i\000k}{section.11}% 63
\BOOKMARK [3][-]{subsubsection.11.1.1}{\376\377\000h\000\344\000n\000d\000i\000s\000c\000h\000e\000\040\000S\000k\000i\000z\000z\000e\000n}{subsection.11.1}% 64
\BOOKMARK [3][-]{subsubsection.11.1.2}{\376\377\000C\000A\000D\000-\000Z\000e\000i\000c\000h\000n\000u\000n\000g\000e\000n}{subsection.11.1}% 65
\BOOKMARK [3][-]{subsubsection.11.1.3}{\376\377\0003\000D\000-\000M\000o\000d\000e\000l\000l\000e}{subsection.11.1}% 66
\BOOKMARK [2][-]{subsection.11.2}{\376\377\000H\000a\000r\000d\000w\000a\000r\000e}{section.11}% 67
\BOOKMARK [3][-]{subsubsection.11.2.1}{\376\377\000S\000t\000r\000o\000m\000l\000a\000u\000f\000p\000l\000\344\000n\000e}{subsection.11.2}% 68
\BOOKMARK [3][-]{subsubsection.11.2.2}{\376\377\000P\000l\000a\000t\000i\000n\000e\000n}{subsection.11.2}% 69
\BOOKMARK [3][-]{subsubsection.11.2.3}{\376\377\000B\000e\000s\000t\000\374\000c\000k\000u\000n\000g\000s\000l\000i\000s\000t\000e\000n}{subsection.11.2}% 70
\BOOKMARK [2][-]{subsection.11.3}{\376\377\000S\000o\000f\000t\000w\000a\000r\000e}{section.11}% 71
\BOOKMARK [3][-]{subsubsection.11.3.1}{\376\377\000D\000i\000a\000g\000r\000a\000m\000m\000e}{subsection.11.3}% 72
\BOOKMARK [3][-]{subsubsection.11.3.2}{\376\377\000C\000o\000d\000e}{subsection.11.3}% 73
\BOOKMARK [1][-]{section.12}{\376\377\000E\000r\000g\000e\000b\000n\000i\000s\000s\000e\000\040\000u\000n\000d\000\040\000E\000r\000k\000e\000n\000n\000t\000i\000s\000s\000e}{}% 74
\BOOKMARK [1][-]{section.13}{\376\377\000A\000u\000s\000b\000l\000i\000c\000k}{}% 75
\BOOKMARK [1][-]{section.14}{\376\377\000V\000e\000r\000z\000e\000i\000c\000h\000n\000i\000s\000s\000e}{}% 76
\BOOKMARK [2][-]{subsection.14.1}{\376\377\000Q\000u\000e\000l\000l\000e\000n\000v\000e\000r\000z\000e\000i\000c\000h\000n\000i\000s\000s\000e}{section.14}% 77
\BOOKMARK [2][-]{subsection.14.2}{\376\377\000A\000b\000b\000i\000l\000d\000u\000n\000g\000s\000v\000e\000r\000z\000e\000i\000c\000h\000n\000i\000s}{section.14}% 78
\BOOKMARK [2][-]{subsection.14.3}{\376\377\000A\000b\000k\000\374\000r\000z\000u\000n\000g\000s\000v\000e\000r\000z\000e\000i\000c\000h\000n\000i\000s}{section.14}% 79
\BOOKMARK [1][-]{section.15}{\376\377\000A\000n\000h\000a\000n\000g}{}% 80
